Grammar

    0 $accept: pasus $end

    1 pasus: %empty
    2      | pasus _PASUS _NEWLINE
    3      | pasus _NEWLINE


Terminals, with rules where they appear

$end (0) 0
error (256)
_NEWLINE (258) 2 3
_PASUS (259) 2


Nonterminals, with rules where they appear

$accept (5)
    on left: 0
pasus (6)
    on left: 1 2 3, on right: 0 2 3


State 0

    0 $accept: . pasus $end

    $default  reduce using rule 1 (pasus)

    pasus  go to state 1


State 1

    0 $accept: pasus . $end
    2 pasus: pasus . _PASUS _NEWLINE
    3      | pasus . _NEWLINE

    $end      shift, and go to state 2
    _NEWLINE  shift, and go to state 3
    _PASUS    shift, and go to state 4


State 2

    0 $accept: pasus $end .

    $default  accept


State 3

    3 pasus: pasus _NEWLINE .

    $default  reduce using rule 3 (pasus)


State 4

    2 pasus: pasus _PASUS . _NEWLINE

    _NEWLINE  shift, and go to state 5


State 5

    2 pasus: pasus _PASUS _NEWLINE .

    $default  reduce using rule 2 (pasus)
